2019-09-02 15:01:49 [INFO ] [restartedMain] c.t.c.ConferencemanageApplication - Starting ConferencemanageApplication on DESKTOP-N5K2GI1 with PID 18832 (F:\ideaproject\conferencemanage\target\classes started by huayu in F:\ideaproject\conferencemanage)
2019-09-02 15:01:49 [INFO ] [restartedMain] c.t.c.ConferencemanageApplication - The following profiles are active: dev
2019-09-02 15:01:49 [INFO ] [restartedMain] o.s.b.d.e.DevToolsPropertyDefaultsPostProcessor - Devtools property defaults active! Set 'spring.devtools.add-properties' to 'false' to disable
2019-09-02 15:01:49 [INFO ] [restartedMain] o.s.b.d.e.DevToolsPropertyDefaultsPostProcessor - For additional web related logging consider setting the 'logging.level.web' property to 'DEBUG'
2019-09-02 15:01:50 [INFO ] [restartedMain] c.t.a.s.p.e.p.ArteryEncryptPropertiesPostProcessor - 开始处理PropertySource
2019-09-02 15:01:50 [INFO ] [restartedMain] o.s.c.s.PostProcessorRegistrationDelegate$BeanPostProcessorChecker - Bean 'com.thunisoft.artery.login.starter.config.ArteryLoginAutoConfigure' of type [com.thunisoft.artery.login.starter.config.ArteryLoginAutoConfigure$$EnhancerBySpringCGLIB$$653e84c8] is not eligible for getting processed by all BeanPostProcessors (for example: not eligible for auto-proxying)
2019-09-02 15:01:50 [INFO ] [restartedMain] o.s.c.s.PostProcessorRegistrationDelegate$BeanPostProcessorChecker - Bean 'credentialsMatcher' of type [org.apache.shiro.authc.credential.HashedCredentialsMatcher] is not eligible for getting processed by all BeanPostProcessors (for example: not eligible for auto-proxying)
2019-09-02 15:01:50 [INFO ] [restartedMain] o.s.c.s.PostProcessorRegistrationDelegate$BeanPostProcessorChecker - Bean 'com.thunisoft.artery.organ.starter.config.ArteryOrganAutoConfigure' of type [com.thunisoft.artery.organ.starter.config.ArteryOrganAutoConfigure$$EnhancerBySpringCGLIB$$f486dc8] is not eligible for getting processed by all BeanPostProcessors (for example: not eligible for auto-proxying)
2019-09-02 15:01:50 [INFO ] [restartedMain] o.s.c.s.PostProcessorRegistrationDelegate$BeanPostProcessorChecker - Bean 'mybatis-org.mybatis.spring.boot.autoconfigure.MybatisProperties' of type [org.mybatis.spring.boot.autoconfigure.MybatisProperties] is not eligible for getting processed by all BeanPostProcessors (for example: not eligible for auto-proxying)
2019-09-02 15:01:50 [INFO ] [restartedMain] o.s.c.s.PostProcessorRegistrationDelegate$BeanPostProcessorChecker - Bean 'mybatisAutoConfigure' of type [com.thunisoft.artery.data.MybatisAutoConfigure$$EnhancerBySpringCGLIB$$a46ec431] is not eligible for getting processed by all BeanPostProcessors (for example: not eligible for auto-proxying)
2019-09-02 15:01:50 [INFO ] [restartedMain] o.s.c.s.PostProcessorRegistrationDelegate$BeanPostProcessorChecker - Bean 'arteryInterceptor' of type [com.thunisoft.artery.data.mybatis.ArteryInterceptor] is not eligible for getting processed by all BeanPostProcessors (for example: not eligible for auto-proxying)
2019-09-02 15:01:50 [INFO ] [restartedMain] o.s.c.s.PostProcessorRegistrationDelegate$BeanPostProcessorChecker - Bean 'com.thunisoft.artery.starter.config.DictSpringConfiguration' of type [com.thunisoft.artery.starter.config.DictSpringConfiguration$$EnhancerBySpringCGLIB$$b91ee44f] is not eligible for getting processed by all BeanPostProcessors (for example: not eligible for auto-proxying)
2019-09-02 15:01:50 [INFO ] [restartedMain] c.t.a.d.c.i.DictCache - 【开始加载数据字典缓存...】
2019-09-02 15:01:51 [INFO ] [restartedMain] c.t.a.d.c.i.DictCache - 9
2019-09-02 15:01:51 [INFO ] [restartedMain] c.t.a.d.c.i.DictCache - 〖加载数据字典缓存结束〗
2019-09-02 15:01:51 [INFO ] [restartedMain] o.s.c.s.PostProcessorRegistrationDelegate$BeanPostProcessorChecker - Bean 'dictCache' of type [com.thunisoft.artery.datadict.cache.impl.DictCache] is not eligible for getting processed by all BeanPostProcessors (for example: not eligible for auto-proxying)
2019-09-02 15:01:51 [INFO ] [restartedMain] o.s.c.s.PostProcessorRegistrationDelegate$BeanPostProcessorChecker - Bean 'dictService' of type [com.thunisoft.artery.datadict.service.impl.DictServiceImpl] is not eligible for getting processed by all BeanPostProcessors (for example: not eligible for auto-proxying)
2019-09-02 15:01:51 [INFO ] [restartedMain] o.s.c.s.PostProcessorRegistrationDelegate$BeanPostProcessorChecker - Bean 'DictGroupTagInterceptor' of type [com.thunisoft.artery.datadict.mybatis.interceptor.DictGroupTagInterceptor] is not eligible for getting processed by all BeanPostProcessors (for example: not eligible for auto-proxying)
2019-09-02 15:01:51 [INFO ] [restartedMain] o.s.c.s.PostProcessorRegistrationDelegate$BeanPostProcessorChecker - Bean 'org.mybatis.spring.boot.autoconfigure.MybatisAutoConfiguration' of type [org.mybatis.spring.boot.autoconfigure.MybatisAutoConfiguration$$EnhancerBySpringCGLIB$$bfca6e64] is not eligible for getting processed by all BeanPostProcessors (for example: not eligible for auto-proxying)
2019-09-02 15:01:51 [INFO ] [restartedMain] o.s.c.s.PostProcessorRegistrationDelegate$BeanPostProcessorChecker - Bean 'com.alibaba.druid.spring.boot.autoconfigure.DruidDataSourceAutoConfigure' of type [com.alibaba.druid.spring.boot.autoconfigure.DruidDataSourceAutoConfigure$$EnhancerBySpringCGLIB$$a6a212a6] is not eligible for getting processed by all BeanPostProcessors (for example: not eligible for auto-proxying)
2019-09-02 15:01:51 [INFO ] [restartedMain] c.a.d.s.b.a.DruidDataSourceAutoConfigure - Init DruidDataSource
2019-09-02 15:01:51 [INFO ] [restartedMain] o.s.c.s.PostProcessorRegistrationDelegate$BeanPostProcessorChecker - Bean 'spring.datasource-org.springframework.boot.autoconfigure.jdbc.DataSourceProperties' of type [org.springframework.boot.autoconfigure.jdbc.DataSourceProperties] is not eligible for getting processed by all BeanPostProcessors (for example: not eligible for auto-proxying)
2019-09-02 15:01:51 [INFO ] [restartedMain] c.a.d.p.DruidDataSource - {dataSource-1} inited
2019-09-02 15:01:51 [INFO ] [restartedMain] o.s.c.s.PostProcessorRegistrationDelegate$BeanPostProcessorChecker - Bean 'dataSource' of type [com.alibaba.druid.spring.boot.autoconfigure.DruidDataSourceWrapper] is not eligible for getting processed by all BeanPostProcessors (for example: not eligible for auto-proxying)
2019-09-02 15:01:51 [INFO ] [restartedMain] o.s.c.s.PostProcessorRegistrationDelegate$BeanPostProcessorChecker - Bean 'sqlSessionFactory' of type [org.apache.ibatis.session.defaults.DefaultSqlSessionFactory] is not eligible for getting processed by all BeanPostProcessors (for example: not eligible for auto-proxying)
2019-09-02 15:01:51 [INFO ] [restartedMain] o.s.c.s.PostProcessorRegistrationDelegate$BeanPostProcessorChecker - Bean 'sqlSessionTemplate' of type [org.mybatis.spring.SqlSessionTemplate] is not eligible for getting processed by all BeanPostProcessors (for example: not eligible for auto-proxying)
2019-09-02 15:01:51 [INFO ] [restartedMain] o.s.c.s.PostProcessorRegistrationDelegate$BeanPostProcessorChecker - Bean 'corpMapper' of type [org.mybatis.spring.mapper.MapperFactoryBean] is not eligible for getting processed by all BeanPostProcessors (for example: not eligible for auto-proxying)
2019-09-02 15:01:51 [INFO ] [restartedMain] o.s.c.s.PostProcessorRegistrationDelegate$BeanPostProcessorChecker - Bean 'corpMapper' of type [com.sun.proxy.$Proxy71] is not eligible for getting processed by all BeanPostProcessors (for example: not eligible for auto-proxying)
2019-09-02 15:01:51 [INFO ] [restartedMain] o.s.c.s.PostProcessorRegistrationDelegate$BeanPostProcessorChecker - Bean 'deptMapper' of type [org.mybatis.spring.mapper.MapperFactoryBean] is not eligible for getting processed by all BeanPostProcessors (for example: not eligible for auto-proxying)
2019-09-02 15:01:51 [INFO ] [restartedMain] o.s.c.s.PostProcessorRegistrationDelegate$BeanPostProcessorChecker - Bean 'deptMapper' of type [com.sun.proxy.$Proxy72] is not eligible for getting processed by all BeanPostProcessors (for example: not eligible for auto-proxying)
2019-09-02 15:01:51 [INFO ] [restartedMain] o.s.c.s.PostProcessorRegistrationDelegate$BeanPostProcessorChecker - Bean 'userMapper' of type [org.mybatis.spring.mapper.MapperFactoryBean] is not eligible for getting processed by all BeanPostProcessors (for example: not eligible for auto-proxying)
2019-09-02 15:01:51 [INFO ] [restartedMain] o.s.c.s.PostProcessorRegistrationDelegate$BeanPostProcessorChecker - Bean 'userMapper' of type [com.sun.proxy.$Proxy73] is not eligible for getting processed by all BeanPostProcessors (for example: not eligible for auto-proxying)
2019-09-02 15:01:51 [INFO ] [restartedMain] o.s.c.s.PostProcessorRegistrationDelegate$BeanPostProcessorChecker - Bean 'com.thunisoft.artery.starter.config.ArteryStarterAutoConfigure' of type [com.thunisoft.artery.starter.config.ArteryStarterAutoConfigure$$EnhancerBySpringCGLIB$$9cc1fa47] is not eligible for getting processed by all BeanPostProcessors (for example: not eligible for auto-proxying)
2019-09-02 15:01:51 [INFO ] [restartedMain] o.s.c.s.PostProcessorRegistrationDelegate$BeanPostProcessorChecker - Bean 'spring.cache-org.springframework.boot.autoconfigure.cache.CacheProperties' of type [org.springframework.boot.autoconfigure.cache.CacheProperties] is not eligible for getting processed by all BeanPostProcessors (for example: not eligible for auto-proxying)
2019-09-02 15:01:51 [INFO ] [restartedMain] o.s.c.s.PostProcessorRegistrationDelegate$BeanPostProcessorChecker - Bean 'org.springframework.boot.autoconfigure.cache.CacheAutoConfiguration' of type [org.springframework.boot.autoconfigure.cache.CacheAutoConfiguration$$EnhancerBySpringCGLIB$$ca7c17f6] is not eligible for getting processed by all BeanPostProcessors (for example: not eligible for auto-proxying)
2019-09-02 15:01:51 [INFO ] [restartedMain] o.s.c.s.PostProcessorRegistrationDelegate$BeanPostProcessorChecker - Bean 'cacheManagerCustomizers' of type [org.springframework.boot.autoconfigure.cache.CacheManagerCustomizers] is not eligible for getting processed by all BeanPostProcessors (for example: not eligible for auto-proxying)
2019-09-02 15:01:51 [INFO ] [restartedMain] o.s.c.s.PostProcessorRegistrationDelegate$BeanPostProcessorChecker - Bean 'org.springframework.boot.autoconfigure.cache.SimpleCacheConfiguration' of type [org.springframework.boot.autoconfigure.cache.SimpleCacheConfiguration$$EnhancerBySpringCGLIB$$6c178ad7] is not eligible for getting processed by all BeanPostProcessors (for example: not eligible for auto-proxying)
2019-09-02 15:01:51 [INFO ] [restartedMain] o.s.c.s.PostProcessorRegistrationDelegate$BeanPostProcessorChecker - Bean 'cacheManager' of type [org.springframework.cache.concurrent.ConcurrentMapCacheManager] is not eligible for getting processed by all BeanPostProcessors (for example: not eligible for auto-proxying)
2019-09-02 15:01:51 [INFO ] [restartedMain] o.s.c.s.PostProcessorRegistrationDelegate$BeanPostProcessorChecker - Bean 'arteryCacheManager' of type [com.thunisoft.artery.spring.cache.ArteryCacheManager] is not eligible for getting processed by all BeanPostProcessors (for example: not eligible for auto-proxying)
2019-09-02 15:01:51 [INFO ] [restartedMain] o.s.c.s.PostProcessorRegistrationDelegate$BeanPostProcessorChecker - Bean 'organCache' of type [com.thunisoft.artery.organ.organ.cache.ArteryOrganCache] is not eligible for getting processed by all BeanPostProcessors (for example: not eligible for auto-proxying)
2019-09-02 15:01:51 [INFO ] [restartedMain] o.s.c.s.PostProcessorRegistrationDelegate$BeanPostProcessorChecker - Bean 'organService' of type [com.thunisoft.artery.organ.organ.OrganService] is not eligible for getting processed by all BeanPostProcessors (for example: not eligible for auto-proxying)
2019-09-02 15:01:51 [INFO ] [restartedMain] o.s.c.s.PostProcessorRegistrationDelegate$BeanPostProcessorChecker - Bean 'rightMapper' of type [org.mybatis.spring.mapper.MapperFactoryBean] is not eligible for getting processed by all BeanPostProcessors (for example: not eligible for auto-proxying)
2019-09-02 15:01:51 [INFO ] [restartedMain] o.s.c.s.PostProcessorRegistrationDelegate$BeanPostProcessorChecker - Bean 'rightMapper' of type [com.sun.proxy.$Proxy75] is not eligible for getting processed by all BeanPostProcessors (for example: not eligible for auto-proxying)
2019-09-02 15:01:51 [INFO ] [restartedMain] o.s.c.s.PostProcessorRegistrationDelegate$BeanPostProcessorChecker - Bean 'roleRightMapper' of type [org.mybatis.spring.mapper.MapperFactoryBean] is not eligible for getting processed by all BeanPostProcessors (for example: not eligible for auto-proxying)
2019-09-02 15:01:51 [INFO ] [restartedMain] o.s.c.s.PostProcessorRegistrationDelegate$BeanPostProcessorChecker - Bean 'roleRightMapper' of type [com.sun.proxy.$Proxy78] is not eligible for getting processed by all BeanPostProcessors (for example: not eligible for auto-proxying)
2019-09-02 15:01:51 [INFO ] [restartedMain] o.s.c.s.PostProcessorRegistrationDelegate$BeanPostProcessorChecker - Bean 'userRightMapper' of type [org.mybatis.spring.mapper.MapperFactoryBean] is not eligible for getting processed by all BeanPostProcessors (for example: not eligible for auto-proxying)
2019-09-02 15:01:51 [INFO ] [restartedMain] o.s.c.s.PostProcessorRegistrationDelegate$BeanPostProcessorChecker - Bean 'userRightMapper' of type [com.sun.proxy.$Proxy79] is not eligible for getting processed by all BeanPostProcessors (for example: not eligible for auto-proxying)
2019-09-02 15:01:51 [INFO ] [restartedMain] o.s.c.s.PostProcessorRegistrationDelegate$BeanPostProcessorChecker - Bean 'roleMapper' of type [org.mybatis.spring.mapper.MapperFactoryBean] is not eligible for getting processed by all BeanPostProcessors (for example: not eligible for auto-proxying)
2019-09-02 15:01:51 [INFO ] [restartedMain] o.s.c.s.PostProcessorRegistrationDelegate$BeanPostProcessorChecker - Bean 'roleMapper' of type [com.sun.proxy.$Proxy80] is not eligible for getting processed by all BeanPostProcessors (for example: not eligible for auto-proxying)
2019-09-02 15:01:51 [INFO ] [restartedMain] o.s.c.s.PostProcessorRegistrationDelegate$BeanPostProcessorChecker - Bean 'rightService' of type [com.thunisoft.artery.organ.right.RightService] is not eligible for getting processed by all BeanPostProcessors (for example: not eligible for auto-proxying)
2019-09-02 15:01:51 [INFO ] [restartedMain] o.s.c.s.PostProcessorRegistrationDelegate$BeanPostProcessorChecker - Bean 'roleService' of type [com.thunisoft.artery.organ.role.RoleService] is not eligible for getting processed by all BeanPostProcessors (for example: not eligible for auto-proxying)
2019-09-02 15:01:51 [INFO ] [restartedMain] o.s.c.s.PostProcessorRegistrationDelegate$BeanPostProcessorChecker - Bean 'com.thunisoft.artery.login.starter.config.ArteryLoginConfigAutoConfigure' of type [com.thunisoft.artery.login.starter.config.ArteryLoginConfigAutoConfigure$$EnhancerBySpringCGLIB$$e1394066] is not eligible for getting processed by all BeanPostProcessors (for example: not eligible for auto-proxying)
2019-09-02 15:01:51 [INFO ] [restartedMain] o.s.c.s.PostProcessorRegistrationDelegate$BeanPostProcessorChecker - Bean 'arteryLoginConfig' of type [com.thunisoft.artery.login.model.DefaultArteryLoginConfig] is not eligible for getting processed by all BeanPostProcessors (for example: not eligible for auto-proxying)
2019-09-02 15:01:51 [INFO ] [restartedMain] o.s.c.s.PostProcessorRegistrationDelegate$BeanPostProcessorChecker - Bean 'arteryRealm' of type [com.thunisoft.artery.login.shiro.realm.ArteryRealm] is not eligible for getting processed by all BeanPostProcessors (for example: not eligible for auto-proxying)
2019-09-02 15:01:51 [INFO ] [restartedMain] o.s.c.s.PostProcessorRegistrationDelegate$BeanPostProcessorChecker - Bean 'shiroCacheManager' of type [com.thunisoft.artery.login.starter.cache.MemoryCacheManager] is not eligible for getting processed by all BeanPostProcessors (for example: not eligible for auto-proxying)
2019-09-02 15:01:51 [INFO ] [restartedMain] o.s.c.s.PostProcessorRegistrationDelegate$BeanPostProcessorChecker - Bean 'securityManager' of type [org.apache.shiro.web.mgt.DefaultWebSecurityManager] is not eligible for getting processed by all BeanPostProcessors (for example: not eligible for auto-proxying)
2019-09-02 15:01:51 [INFO ] [restartedMain] o.s.c.s.PostProcessorRegistrationDelegate$BeanPostProcessorChecker - Bean 'AuthorizationAttributeSourceAdvisor' of type [org.apache.shiro.spring.security.interceptor.AuthorizationAttributeSourceAdvisor] is not eligible for getting processed by all BeanPostProcessors (for example: not eligible for auto-proxying)
2019-09-02 15:01:51 [INFO ] [restartedMain] o.s.c.s.PostProcessorRegistrationDelegate$BeanPostProcessorChecker - Bean 'org.springframework.transaction.annotation.ProxyTransactionManagementConfiguration' of type [org.springframework.transaction.annotation.ProxyTransactionManagementConfiguration$$EnhancerBySpringCGLIB$$8cf61d34] is not eligible for getting processed by all BeanPostProcessors (for example: not eligible for auto-proxying)
2019-09-02 15:01:52 [INFO ] [restartedMain] c.t.tas.util.log - Logging initialized @6154ms to com.thunisoft.tas.util.log.Slf4jLog
2019-09-02 15:01:52 [INFO ] [restartedMain] o.s.b.w.e.j.TasServletWebServerFactory - Server initialized with port: 8080
2019-09-02 15:01:52 [WARN ] [restartedMain] c.t.t.s.AbstractConnector - Ignoring deprecated socket close linger time
2019-09-02 15:01:52 [INFO ] [restartedMain] c.t.t.c.TasWebServerFactoryCustomizer - 【友情提示】如果发现1099端口冲突，可以设置tas.jmx.enable=false关闭监听或者tas.jmx.port修改jmx端口号
2019-09-02 15:01:52 [INFO ] [restartedMain] c.t.t.server.Server - tas-9.4.z-SNAPSHOT; built: 2018-08-30T13:59:14.071Z; git: 27208684755d94a92186989f695db2d7b21ebc51; jvm 1.8.0_191-b12
2019-09-02 15:01:52 [INFO ] [restartedMain] c.t.t.s.h.C.application - Initializing Spring embedded WebApplicationContext
2019-09-02 15:01:52 [INFO ] [restartedMain] o.s.w.c.ContextLoader - Root WebApplicationContext: initialization completed in 2977 ms
2019-09-02 15:01:52 [INFO ] [restartedMain] c.t.t.server.session - DefaultSessionIdManager workerName=node0
2019-09-02 15:01:52 [INFO ] [restartedMain] c.t.t.server.session - No SessionScavenger set, using defaults
2019-09-02 15:01:52 [INFO ] [restartedMain] c.t.t.server.session - node0 Scavenging every 600000ms
2019-09-02 15:01:52 [INFO ] [restartedMain] c.t.t.s.h.ContextHandler - Started c.t.t.s.TasEmbeddedWebAppContext@7c559d92{application,/,[file:///C:/Users/huayu/AppData/Local/Temp/jetty-docbase.896614058382725806.8080/, jar:file:/F:/Maven/Repository/com/thunisoft/artery/artery-component/6.0.46/artery-component-6.0.46.jar!/META-INF/resources],AVAILABLE}
2019-09-02 15:01:54 [INFO ] [restartedMain] c.t.t.j.ConnectorServer - JMX URL: service:jmx:rmi://localhost:1099/jndi/rmi://localhost:1099/jmxrmi
2019-09-02 15:01:54 [INFO ] [restartedMain] c.t.t.server.Server - Started @8493ms
2019-09-02 15:01:55 [INFO ] [restartedMain] o.s.s.c.ThreadPoolTaskExecutor - Initializing ExecutorService 'applicationTaskExecutor'
2019-09-02 15:01:55 [INFO ] [restartedMain] o.s.b.a.w.s.WelcomePageHandlerMapping - Adding welcome page template: index
2019-09-02 15:01:55 [INFO ] [restartedMain] o.s.b.d.a.OptionalLiveReloadServer - LiveReload server is running on port 35729
2019-09-02 15:01:55 [INFO ] [restartedMain] c.t.t.s.h.C.application - Initializing Spring DispatcherServlet 'dispatcherServlet'
2019-09-02 15:01:55 [INFO ] [restartedMain] o.s.w.s.DispatcherServlet - Initializing Servlet 'dispatcherServlet'
2019-09-02 15:01:55 [INFO ] [restartedMain] o.s.w.s.DispatcherServlet - Completed initialization in 10 ms
2019-09-02 15:01:55 [INFO ] [restartedMain] c.t.t.s.AbstractConnector - Started ServerConnector@48dd088{HTTP/1.1,[http/1.1]}{0.0.0.0:8080}
2019-09-02 15:01:55 [INFO ] [restartedMain] c.t.t.s.TasWebServer - Tas 启动成功，端口号： 8080 (http/1.1), contextPath: ''
2019-09-02 15:01:55 [INFO ] [restartedMain] c.t.c.ConferencemanageApplication - Started ConferencemanageApplication in 6.777 seconds (JVM running for 9.676)
2019-09-02 15:02:51 [ERROR] [qtp2096999226-39] c.t.a.l.LoginService - login fail!Realm [com.thunisoft.artery.login.shiro.realm.ArteryRealm@339abfd] was unable to find account data for the submitted AuthenticationToken [com.thunisoft.artery.login.model.MuiltiAuthenticationToken - null, rememberMe=false].
2019-09-02 15:03:18 [ERROR] [qtp2096999226-41] c.t.a.l.LoginService - login fail!Submitted credentials for token [com.thunisoft.artery.login.model.MuiltiAuthenticationToken - null, rememberMe=false] did not match the expected credentials.
